This is pdfTeX, Version 3.14159265-2.6-1.40.20 (TeX Live 2019/W32TeX) (preloaded format=pdflatex 2020.4.6)  18 JUN 2020 23:43
entering extended mode
 restricted \write18 enabled.
 file:line:error style messages enabled.
 %&-line parsing enabled.
**"Microeconomics A Notes.tex"
(./Microeconomics A Notes.tex
LaTeX2e <2020-02-02> patch level 5
L3 programming layer <2020-02-25> (c:/texlive/2019/texmf-dist/tex/latex/base/article.cls
Document Class: article 2019/12/20 v1.4l Standard LaTeX document class
(c:/texlive/2019/texmf-dist/tex/latex/base/size10.clo
File: size10.clo 2019/12/20 v1.4l Standard LaTeX file (size option)
)
\c@part=\count167
\c@section=\count168
\c@subsection=\count169
\c@subsubsection=\count170
\c@paragraph=\count171
\c@subparagraph=\count172
\c@figure=\count173
\c@table=\count174
\abovecaptionskip=\skip47
\belowcaptionskip=\skip48
\bibindent=\dimen134
) (c:/texlive/2019/texmf-dist/tex/latex/base/inputenc.sty
Package: inputenc 2018/08/11 v1.3c Input encoding file
\inpenc@prehook=\toks15
\inpenc@posthook=\toks16
) (c:/texlive/2019/texmf-dist/tex/latex/amsmath/amsmath.sty
Package: amsmath 2020/01/20 v2.17e AMS math features
\@mathmargin=\skip49

For additional information on amsmath, use the `?' option.
(c:/texlive/2019/texmf-dist/tex/latex/amsmath/amstext.sty
Package: amstext 2000/06/29 v2.01 AMS text
 (c:/texlive/2019/texmf-dist/tex/latex/amsmath/amsgen.sty
File: amsgen.sty 1999/11/30 v2.0 generic functions
\@emptytoks=\toks17
\ex@=\dimen135
)) (c:/texlive/2019/texmf-dist/tex/latex/amsmath/amsbsy.sty
Package: amsbsy 1999/11/29 v1.2d Bold Symbols
\pmbraise@=\dimen136
) (c:/texlive/2019/texmf-dist/tex/latex/amsmath/amsopn.sty
Package: amsopn 2016/03/08 v2.02 operator names
)
\inf@bad=\count175
LaTeX Info: Redefining \frac on input line 227.
\uproot@=\count176
\leftroot@=\count177
LaTeX Info: Redefining \overline on input line 389.
\classnum@=\count178
\DOTSCASE@=\count179
LaTeX Info: Redefining \ldots on input line 486.
LaTeX Info: Redefining \dots on input line 489.
LaTeX Info: Redefining \cdots on input line 610.
\Mathstrutbox@=\box45
\strutbox@=\box46
\big@size=\dimen137
LaTeX Font Info:    Redeclaring font encoding OML on input line 733.
LaTeX Font Info:    Redeclaring font encoding OMS on input line 734.
\macc@depth=\count180
\c@MaxMatrixCols=\count181
\dotsspace@=\muskip16
\c@parentequation=\count182
\dspbrk@lvl=\count183
\tag@help=\toks18
\row@=\count184
\column@=\count185
\maxfields@=\count186
\andhelp@=\toks19
\eqnshift@=\dimen138
\alignsep@=\dimen139
\tagshift@=\dimen140
\tagwidth@=\dimen141
\totwidth@=\dimen142
\lineht@=\dimen143
\@envbody=\toks20
\multlinegap=\skip50
\multlinetaggap=\skip51
\mathdisplay@stack=\toks21
LaTeX Info: Redefining \[ on input line 2859.
LaTeX Info: Redefining \] on input line 2860.
) (c:/texlive/2019/texmf-dist/tex/latex/setspace/setspace.sty
Package: setspace 2011/12/19 v6.7a set line spacing
) (c:/texlive/2019/texmf-dist/tex/latex/mathtools/mathtools.sty
Package: mathtools 2020/01/17 v1.23 mathematical typesetting tools
 (c:/texlive/2019/texmf-dist/tex/latex/graphics/keyval.sty
Package: keyval 2014/10/28 v1.15 key=value parser (DPC)
\KV@toks@=\toks22
) (c:/texlive/2019/texmf-dist/tex/latex/tools/calc.sty
Package: calc 2017/05/25 v4.3 Infix arithmetic (KKT,FJ)
\calc@Acount=\count187
\calc@Bcount=\count188
\calc@Adimen=\dimen144
\calc@Bdimen=\dimen145
\calc@Askip=\skip52
\calc@Bskip=\skip53
LaTeX Info: Redefining \setlength on input line 80.
LaTeX Info: Redefining \addtolength on input line 81.
\calc@Ccount=\count189
\calc@Cskip=\skip54
) (c:/texlive/2019/texmf-dist/tex/latex/mathtools/mhsetup.sty
Package: mhsetup 2017/03/31 v1.3 programming setup (MH)
)
LaTeX Info: Thecontrolsequence`\('isalreadyrobust on input line 129.
LaTeX Info: Thecontrolsequence`\)'isalreadyrobust on input line 129.
LaTeX Info: Thecontrolsequence`\['isalreadyrobust on input line 129.
LaTeX Info: Thecontrolsequence`\]'isalreadyrobust on input line 129.
\g_MT_multlinerow_int=\count190
\l_MT_multwidth_dim=\dimen146
\origjot=\skip55
\l_MT_shortvdotswithinadjustabove_dim=\dimen147
\l_MT_shortvdotswithinadjustbelow_dim=\dimen148
\l_MT_above_intertext_sep=\dimen149
\l_MT_below_intertext_sep=\dimen150
\l_MT_above_shortintertext_sep=\dimen151
\l_MT_below_shortintertext_sep=\dimen152
) (c:/texlive/2019/texmf-dist/tex/latex/amsfonts/amssymb.sty
Package: amssymb 2013/01/14 v3.01 AMS font symbols
 (c:/texlive/2019/texmf-dist/tex/latex/amsfonts/amsfonts.sty
Package: amsfonts 2013/01/14 v3.01 Basic AMSFonts support
\symAMSa=\mathgroup4
\symAMSb=\mathgroup5
LaTeX Font Info:    Redeclaring math symbol \hbar on input line 98.
LaTeX Font Info:    Overwriting math alphabet `\mathfrak' in version `bold'
(Font)                  U/euf/m/n --> U/euf/b/n on input line 106.
)) (c:/texlive/2019/texmf-dist/tex/latex/sectsty/sectsty.sty
Package: sectsty 2002/02/25 v2.0.2 Commands to change all sectional heading styles


LaTeX Warning: Command \underbar  has changed.
               Check if current package is valid.


LaTeX Warning: Command \underline  has changed.
               Check if current package is valid.

) (c:/texlive/2019/texmf-dist/tex/latex/parskip/parskip.sty
Package: parskip 2020-01-22 v2.0d non-zero parskip adjustments
 (c:/texlive/2019/texmf-dist/tex/latex/kvoptions/kvoptions.sty
Package: kvoptions 2019/11/29 v3.13 Key value format for package options (HO)
 (c:/texlive/2019/texmf-dist/tex/generic/ltxcmds/ltxcmds.sty
Package: ltxcmds 2019/12/15 v1.24 LaTeX kernel commands for general use (HO)
) (c:/texlive/2019/texmf-dist/tex/generic/kvsetkeys/kvsetkeys.sty
Package: kvsetkeys 2019/12/15 v1.18 Key value parser (HO)
)) (c:/texlive/2019/texmf-dist/tex/latex/etoolbox/etoolbox.sty
Package: etoolbox 2019/09/21 v2.5h e-TeX tools for LaTeX (JAW)
\etb@tempcnta=\count191
)) (c:/texlive/2019/texmf-dist/tex/latex/changepage/changepage.sty
Package: changepage 2009/10/20 v1.0c check page and change page layout
\c@cp@cntr=\count192
\cp@tempcnt=\count193
) (c:/texlive/2019/texmf-dist/tex/latex/graphics/graphicx.sty
Package: graphicx 2019/11/30 v1.2a Enhanced LaTeX Graphics (DPC,SPQR)
 (c:/texlive/2019/texmf-dist/tex/latex/graphics/graphics.sty
Package: graphics 2019/11/30 v1.4a Standard LaTeX Graphics (DPC,SPQR)
 (c:/texlive/2019/texmf-dist/tex/latex/graphics/trig.sty
Package: trig 2016/01/03 v1.10 sin cos tan (DPC)
) (c:/texlive/2019/texmf-dist/tex/latex/graphics-cfg/graphics.cfg
File: graphics.cfg 2016/06/04 v1.11 sample graphics configuration
)
Package graphics Info: Driver file: pdftex.def on input line 105.
 (c:/texlive/2019/texmf-dist/tex/latex/graphics-def/pdftex.def
File: pdftex.def 2018/01/08 v1.0l Graphics/color driver for pdftex
))
\Gin@req@height=\dimen153
\Gin@req@width=\dimen154
) (c:/texlive/2019/texmf-dist/tex/latex/float/float.sty
Package: float 2001/11/08 v1.3d Float enhancements (AL)
\c@float@type=\count194
\float@exts=\toks23
\float@box=\box47
\@float@everytoks=\toks24
\@floatcapt=\box48
) (c:/texlive/2019/texmf-dist/tex/latex/geometry/geometry.sty
Package: geometry 2020/01/02 v5.9 Page Geometry
 (c:/texlive/2019/texmf-dist/tex/generic/iftex/ifvtex.sty
Package: ifvtex 2019/10/25 v1.7 ifvtex legacy package. Use iftex instead.
 (c:/texlive/2019/texmf-dist/tex/generic/iftex/iftex.sty
Package: iftex 2019/11/07 v1.0c TeX engine tests
))
\Gm@cnth=\count195
\Gm@cntv=\count196
\c@Gm@tempcnt=\count197
\Gm@bindingoffset=\dimen155
\Gm@wd@mp=\dimen156
\Gm@odd@mp=\dimen157
\Gm@even@mp=\dimen158
\Gm@layoutwidth=\dimen159
\Gm@layoutheight=\dimen160
\Gm@layouthoffset=\dimen161
\Gm@layoutvoffset=\dimen162
\Gm@dimlist=\toks25
) (c:/texlive/2019/texmf-dist/tex/latex/tools/indentfirst.sty
Package: indentfirst 1995/11/23 v1.03 Indent first paragraph (DPC)
)
(c:/texlive/2019/texmf-dist/tex/latex/enumitem/enumitem.sty
Package: enumitem 2019/06/20 v3.9 Customized lists
\labelindent=\skip56
\enit@outerparindent=\dimen163
\enit@toks=\toks26
\enit@inbox=\box49
\enit@count@id=\count198
\enitdp@description=\count199
) (c:/texlive/2019/texmf-dist/tex/latex/xcolor/xcolor.sty
Package: xcolor 2016/05/11 v2.12 LaTeX color extensions (UK)
 (c:/texlive/2019/texmf-dist/tex/latex/graphics-cfg/color.cfg
File: color.cfg 2016/01/02 v1.6 sample color configuration
)
Package xcolor Info: Driver file: pdftex.def on input line 225.
Package xcolor Info: Model `cmy' substituted by `cmy0' on input line 1348.
Package xcolor Info: Model `hsb' substituted by `rgb' on input line 1352.
Package xcolor Info: Model `RGB' extended on input line 1364.
Package xcolor Info: Model `HTML' substituted by `rgb' on input line 1366.
Package xcolor Info: Model `Hsb' substituted by `hsb' on input line 1367.
Package xcolor Info: Model `tHsb' substituted by `hsb' on input line 1368.
Package xcolor Info: Model `HSB' substituted by `hsb' on input line 1369.
Package xcolor Info: Model `Gray' substituted by `gray' on input line 1370.
Package xcolor Info: Model `wave' substituted by `hsb' on input line 1371.
) (c:/texlive/2019/texmf-dist/tex/latex/titlesec/titlesec.sty
Package: titlesec 2019/10/16 v2.13 Sectioning titles
\ttl@box=\box50
\beforetitleunit=\skip57
\aftertitleunit=\skip58
\ttl@plus=\dimen164
\ttl@minus=\dimen165
\ttl@toksa=\toks27
\titlewidth=\dimen166
\titlewidthlast=\dimen167
\titlewidthfirst=\dimen168
)
   defining Unicode char U+2212 (decimal 8722)
 (c:/texlive/2019/texmf-dist/tex/latex/pgf/frontendlayer/tikz.sty (c:/texlive/2019/texmf-dist/tex/latex/pgf/basiclayer/pgf.sty (c:/texlive/2019/texmf-dist/tex/latex/pgf/utilities/pgfrcs.sty (c:/texlive/2019/texmf-dist/tex/generic/pgf/utilities/pgfutil-common.tex
\pgfutil@everybye=\toks28
\pgfutil@tempdima=\dimen169
\pgfutil@tempdimb=\dimen170
 (c:/texlive/2019/texmf-dist/tex/generic/pgf/utilities/pgfutil-common-lists.tex)) (c:/texlive/2019/texmf-dist/tex/generic/pgf/utilities/pgfutil-latex.def
\pgfutil@abb=\box51
 (c:/texlive/2019/texmf-dist/tex/latex/ms/everyshi.sty
Package: everyshi 2001/05/15 v3.00 EveryShipout Package (MS)
)) (c:/texlive/2019/texmf-dist/tex/generic/pgf/utilities/pgfrcs.code.tex (c:/texlive/2019/texmf-dist/tex/generic/pgf/pgf.revision.tex)
Package: pgfrcs 2020/01/08 v3.1.5b (3.1.5b)
))
Package: pgf 2020/01/08 v3.1.5b (3.1.5b)
 (c:/texlive/2019/texmf-dist/tex/latex/pgf/basiclayer/pgfcore.sty (c:/texlive/2019/texmf-dist/tex/latex/pgf/systemlayer/pgfsys.sty
(c:/texlive/2019/texmf-dist/tex/generic/pgf/systemlayer/pgfsys.code.tex
Package: pgfsys 2020/01/08 v3.1.5b (3.1.5b)
 (c:/texlive/2019/texmf-dist/tex/generic/pgf/utilities/pgfkeys.code.tex
\pgfkeys@pathtoks=\toks29
\pgfkeys@temptoks=\toks30
 (c:/texlive/2019/texmf-dist/tex/generic/pgf/utilities/pgfkeysfiltered.code.tex
\pgfkeys@tmptoks=\toks31
))
\pgf@x=\dimen171
\pgf@y=\dimen172
\pgf@xa=\dimen173
\pgf@ya=\dimen174
\pgf@xb=\dimen175
\pgf@yb=\dimen176
\pgf@xc=\dimen177
\pgf@yc=\dimen178
\pgf@xd=\dimen179
\pgf@yd=\dimen180
\w@pgf@writea=\write3
\r@pgf@reada=\read2
\c@pgf@counta=\count266
\c@pgf@countb=\count267
\c@pgf@countc=\count268
\c@pgf@countd=\count269
\t@pgf@toka=\toks32
\t@pgf@tokb=\toks33
\t@pgf@tokc=\toks34
\pgf@sys@id@count=\count270
 (c:/texlive/2019/texmf-dist/tex/generic/pgf/systemlayer/pgf.cfg
File: pgf.cfg 2020/01/08 v3.1.5b (3.1.5b)
)
Driver file for pgf: pgfsys-pdftex.def
 (c:/texlive/2019/texmf-dist/tex/generic/pgf/systemlayer/pgfsys-pdftex.def
File: pgfsys-pdftex.def 2020/01/08 v3.1.5b (3.1.5b)
 (c:/texlive/2019/texmf-dist/tex/generic/pgf/systemlayer/pgfsys-common-pdf.def
File: pgfsys-common-pdf.def 2020/01/08 v3.1.5b (3.1.5b)
))) (c:/texlive/2019/texmf-dist/tex/generic/pgf/systemlayer/pgfsyssoftpath.code.tex
File: pgfsyssoftpath.code.tex 2020/01/08 v3.1.5b (3.1.5b)
\pgfsyssoftpath@smallbuffer@items=\count271
\pgfsyssoftpath@bigbuffer@items=\count272
) (c:/texlive/2019/texmf-dist/tex/generic/pgf/systemlayer/pgfsysprotocol.code.tex
File: pgfsysprotocol.code.tex 2020/01/08 v3.1.5b (3.1.5b)
)) (c:/texlive/2019/texmf-dist/tex/generic/pgf/basiclayer/pgfcore.code.tex
Package: pgfcore 2020/01/08 v3.1.5b (3.1.5b)
 (c:/texlive/2019/texmf-dist/tex/generic/pgf/math/pgfmath.code.tex (c:/texlive/2019/texmf-dist/tex/generic/pgf/math/pgfmathcalc.code.tex (c:/texlive/2019/texmf-dist/tex/generic/pgf/math/pgfmathutil.code.tex) (c:/texlive/2019/texmf-dist/tex/generic/pgf/math/pgfmathparser.code.tex
\pgfmath@dimen=\dimen181
\pgfmath@count=\count273
\pgfmath@box=\box52
\pgfmath@toks=\toks35
\pgfmath@stack@operand=\toks36
\pgfmath@stack@operation=\toks37
)
(c:/texlive/2019/texmf-dist/tex/generic/pgf/math/pgfmathfunctions.code.tex (c:/texlive/2019/texmf-dist/tex/generic/pgf/math/pgfmathfunctions.basic.code.tex) (c:/texlive/2019/texmf-dist/tex/generic/pgf/math/pgfmathfunctions.trigonometric.code.tex) (c:/texlive/2019/texmf-dist/tex/generic/pgf/math/pgfmathfunctions.random.code.tex) (c:/texlive/2019/texmf-dist/tex/generic/pgf/math/pgfmathfunctions.comparison.code.tex) (c:/texlive/2019/texmf-dist/tex/generic/pgf/math/pgfmathfunctions.base.code.tex) (c:/texlive/2019/texmf-dist/tex/generic/pgf/math/pgfmathfunctions.round.code.tex) (c:/texlive/2019/texmf-dist/tex/generic/pgf/math/pgfmathfunctions.misc.code.tex) (c:/texlive/2019/texmf-dist/tex/generic/pgf/math/pgfmathfunctions.integerarithmetics.code.tex))) (c:/texlive/2019/texmf-dist/tex/generic/pgf/math/pgfmathfloat.code.tex
\c@pgfmathroundto@lastzeros=\count274
)) (c:/texlive/2019/texmf-dist/tex/generic/pgf/math/pgfint.code.tex) (c:/texlive/2019/texmf-dist/tex/generic/pgf/basiclayer/pgfcorepoints.code.tex
File: pgfcorepoints.code.tex 2020/01/08 v3.1.5b (3.1.5b)
\pgf@picminx=\dimen182
\pgf@picmaxx=\dimen183
\pgf@picminy=\dimen184
\pgf@picmaxy=\dimen185
\pgf@pathminx=\dimen186
\pgf@pathmaxx=\dimen187
\pgf@pathminy=\dimen188
\pgf@pathmaxy=\dimen189
\pgf@xx=\dimen190
\pgf@xy=\dimen191
\pgf@yx=\dimen192
\pgf@yy=\dimen193
\pgf@zx=\dimen194
\pgf@zy=\dimen195
)
(c:/texlive/2019/texmf-dist/tex/generic/pgf/basiclayer/pgfcorepathconstruct.code.tex
File: pgfcorepathconstruct.code.tex 2020/01/08 v3.1.5b (3.1.5b)
\pgf@path@lastx=\dimen196
\pgf@path@lasty=\dimen197
) (c:/texlive/2019/texmf-dist/tex/generic/pgf/basiclayer/pgfcorepathusage.code.tex
File: pgfcorepathusage.code.tex 2020/01/08 v3.1.5b (3.1.5b)
\pgf@shorten@end@additional=\dimen198
\pgf@shorten@start@additional=\dimen199
) (c:/texlive/2019/texmf-dist/tex/generic/pgf/basiclayer/pgfcorescopes.code.tex
File: pgfcorescopes.code.tex 2020/01/08 v3.1.5b (3.1.5b)
\pgfpic=\box53
\pgf@hbox=\box54
\pgf@layerbox@main=\box55
\pgf@picture@serial@count=\count275
) (c:/texlive/2019/texmf-dist/tex/generic/pgf/basiclayer/pgfcoregraphicstate.code.tex
File: pgfcoregraphicstate.code.tex 2020/01/08 v3.1.5b (3.1.5b)
\pgflinewidth=\dimen256
) (c:/texlive/2019/texmf-dist/tex/generic/pgf/basiclayer/pgfcoretransformations.code.tex
File: pgfcoretransformations.code.tex 2020/01/08 v3.1.5b (3.1.5b)
\pgf@pt@x=\dimen257
\pgf@pt@y=\dimen258
\pgf@pt@temp=\dimen259
) (c:/texlive/2019/texmf-dist/tex/generic/pgf/basiclayer/pgfcorequick.code.tex
File: pgfcorequick.code.tex 2020/01/08 v3.1.5b (3.1.5b)
) (c:/texlive/2019/texmf-dist/tex/generic/pgf/basiclayer/pgfcoreobjects.code.tex
File: pgfcoreobjects.code.tex 2020/01/08 v3.1.5b (3.1.5b)
) (c:/texlive/2019/texmf-dist/tex/generic/pgf/basiclayer/pgfcorepathprocessing.code.tex
File: pgfcorepathprocessing.code.tex 2020/01/08 v3.1.5b (3.1.5b)
) (c:/texlive/2019/texmf-dist/tex/generic/pgf/basiclayer/pgfcorearrows.code.tex
File: pgfcorearrows.code.tex 2020/01/08 v3.1.5b (3.1.5b)
\pgfarrowsep=\dimen260
) (c:/texlive/2019/texmf-dist/tex/generic/pgf/basiclayer/pgfcoreshade.code.tex
File: pgfcoreshade.code.tex 2020/01/08 v3.1.5b (3.1.5b)
\pgf@max=\dimen261
\pgf@sys@shading@range@num=\count276
\pgf@shadingcount=\count277
) (c:/texlive/2019/texmf-dist/tex/generic/pgf/basiclayer/pgfcoreimage.code.tex
File: pgfcoreimage.code.tex 2020/01/08 v3.1.5b (3.1.5b)
 (c:/texlive/2019/texmf-dist/tex/generic/pgf/basiclayer/pgfcoreexternal.code.tex
File: pgfcoreexternal.code.tex 2020/01/08 v3.1.5b (3.1.5b)
\pgfexternal@startupbox=\box56
))
(c:/texlive/2019/texmf-dist/tex/generic/pgf/basiclayer/pgfcorelayers.code.tex
File: pgfcorelayers.code.tex 2020/01/08 v3.1.5b (3.1.5b)
) (c:/texlive/2019/texmf-dist/tex/generic/pgf/basiclayer/pgfcoretransparency.code.tex
File: pgfcoretransparency.code.tex 2020/01/08 v3.1.5b (3.1.5b)
) (c:/texlive/2019/texmf-dist/tex/generic/pgf/basiclayer/pgfcorepatterns.code.tex
File: pgfcorepatterns.code.tex 2020/01/08 v3.1.5b (3.1.5b)
) (c:/texlive/2019/texmf-dist/tex/generic/pgf/basiclayer/pgfcorerdf.code.tex
File: pgfcorerdf.code.tex 2020/01/08 v3.1.5b (3.1.5b)
))) (c:/texlive/2019/texmf-dist/tex/generic/pgf/modules/pgfmoduleshapes.code.tex
File: pgfmoduleshapes.code.tex 2020/01/08 v3.1.5b (3.1.5b)
\pgfnodeparttextbox=\box57
) (c:/texlive/2019/texmf-dist/tex/generic/pgf/modules/pgfmoduleplot.code.tex
File: pgfmoduleplot.code.tex 2020/01/08 v3.1.5b (3.1.5b)
) (c:/texlive/2019/texmf-dist/tex/latex/pgf/compatibility/pgfcomp-version-0-65.sty
Package: pgfcomp-version-0-65 2020/01/08 v3.1.5b (3.1.5b)
\pgf@nodesepstart=\dimen262
\pgf@nodesepend=\dimen263
) (c:/texlive/2019/texmf-dist/tex/latex/pgf/compatibility/pgfcomp-version-1-18.sty
Package: pgfcomp-version-1-18 2020/01/08 v3.1.5b (3.1.5b)
)) (c:/texlive/2019/texmf-dist/tex/latex/pgf/utilities/pgffor.sty (c:/texlive/2019/texmf-dist/tex/latex/pgf/utilities/pgfkeys.sty (c:/texlive/2019/texmf-dist/tex/generic/pgf/utilities/pgfkeys.code.tex)) (c:/texlive/2019/texmf-dist/tex/latex/pgf/math/pgfmath.sty (c:/texlive/2019/texmf-dist/tex/generic/pgf/math/pgfmath.code.tex))
(c:/texlive/2019/texmf-dist/tex/generic/pgf/utilities/pgffor.code.tex
Package: pgffor 2020/01/08 v3.1.5b (3.1.5b)
 (c:/texlive/2019/texmf-dist/tex/generic/pgf/math/pgfmath.code.tex)
\pgffor@iter=\dimen264
\pgffor@skip=\dimen265
\pgffor@stack=\toks38
\pgffor@toks=\toks39
)) (c:/texlive/2019/texmf-dist/tex/generic/pgf/frontendlayer/tikz/tikz.code.tex
Package: tikz 2020/01/08 v3.1.5b (3.1.5b)
 (c:/texlive/2019/texmf-dist/tex/generic/pgf/libraries/pgflibraryplothandlers.code.tex
File: pgflibraryplothandlers.code.tex 2020/01/08 v3.1.5b (3.1.5b)
\pgf@plot@mark@count=\count278
\pgfplotmarksize=\dimen266
)
\tikz@lastx=\dimen267
\tikz@lasty=\dimen268
\tikz@lastxsaved=\dimen269
\tikz@lastysaved=\dimen270
\tikz@lastmovetox=\dimen271
\tikz@lastmovetoy=\dimen272
\tikzleveldistance=\dimen273
\tikzsiblingdistance=\dimen274
\tikz@figbox=\box58
\tikz@figbox@bg=\box59
\tikz@tempbox=\box60
\tikz@tempbox@bg=\box61
\tikztreelevel=\count279
\tikznumberofchildren=\count280
\tikznumberofcurrentchild=\count281
\tikz@fig@count=\count282
 (c:/texlive/2019/texmf-dist/tex/generic/pgf/modules/pgfmodulematrix.code.tex
File: pgfmodulematrix.code.tex 2020/01/08 v3.1.5b (3.1.5b)
\pgfmatrixcurrentrow=\count283
\pgfmatrixcurrentcolumn=\count284
\pgf@matrix@numberofcolumns=\count285
)
\tikz@expandcount=\count286
 (c:/texlive/2019/texmf-dist/tex/generic/pgf/frontendlayer/tikz/libraries/tikzlibrarytopaths.code.tex
File: tikzlibrarytopaths.code.tex 2020/01/08 v3.1.5b (3.1.5b)
))) (c:/texlive/2019/texmf-dist/tex/generic/pgf/frontendlayer/tikz/libraries/tikzlibrarycalc.code.tex
File: tikzlibrarycalc.code.tex 2020/01/08 v3.1.5b (3.1.5b)
) (c:/texlive/2019/texmf-dist/tex/generic/ulem/ulem.sty
\UL@box=\box62
\UL@hyphenbox=\box63
\UL@skip=\skip59
\UL@hook=\toks40
\UL@height=\dimen275
\UL@pe=\count287
\UL@pixel=\dimen276
\ULC@box=\box64
Package: ulem 2019/11/18
\ULdepth=\dimen277
) (c:/texlive/2019/texmf-dist/tex/latex/calrsfs/calrsfs.sty
\symrsfscript=\mathgroup6
) (c:/texlive/2019/texmf-dist/tex/latex/l3backend/l3backend-pdfmode.def
File: l3backend-pdfmode.def 2020-02-23 L3 backend support: PDF mode
\l__kernel_color_stack_int=\count288
\l__pdf_internal_box=\box65
) (./Microeconomics A Notes.aux)
\openout1 = `"Microeconomics A Notes.aux"'.

LaTeX Font Info:    Checking defaults for OML/cmm/m/it on input line 41.
LaTeX Font Info:    ... okay on input line 41.
LaTeX Font Info:    Checking defaults for OMS/cmsy/m/n on input line 41.
LaTeX Font Info:    ... okay on input line 41.
LaTeX Font Info:    Checking defaults for OT1/cmr/m/n on input line 41.
LaTeX Font Info:    ... okay on input line 41.
LaTeX Font Info:    Checking defaults for T1/cmr/m/n on input line 41.
LaTeX Font Info:    ... okay on input line 41.
LaTeX Font Info:    Checking defaults for TS1/cmr/m/n on input line 41.
LaTeX Font Info:    ... okay on input line 41.
LaTeX Font Info:    Checking defaults for OMX/cmex/m/n on input line 41.
LaTeX Font Info:    ... okay on input line 41.
LaTeX Font Info:    Checking defaults for U/cmr/m/n on input line 41.
LaTeX Font Info:    ... okay on input line 41.
 (c:/texlive/2019/texmf-dist/tex/context/base/mkii/supp-pdf.mkii
[Loading MPS to PDF converter (version 2006.09.02).]
\scratchcounter=\count289
\scratchdimen=\dimen278
\scratchbox=\box66
\nofMPsegments=\count290
\nofMParguments=\count291
\everyMPshowfont=\toks41
\MPscratchCnt=\count292
\MPscratchDim=\dimen279
\MPnumerator=\count293
\makeMPintoPDFobject=\count294
\everyMPtoPDFconversion=\toks42
) (c:/texlive/2019/texmf-dist/tex/latex/epstopdf-pkg/epstopdf-base.sty
Package: epstopdf-base 2020-01-24 v2.11 Base part for package epstopdf
Package epstopdf-base Info: Redefining graphics rule for `.eps' on input line 485.
 (c:/texlive/2019/texmf-dist/tex/latex/latexconfig/epstopdf-sys.cfg
File: epstopdf-sys.cfg 2010/07/13 v1.3 Configuration of (r)epstopdf for TeX Live
))
*geometry* driver: auto-detecting
*geometry* detected driver: pdftex
*geometry* verbose mode - [ preamble ] result:
* driver: pdftex
* paper: <default>
* layout: <same size as paper>
* layoutoffset:(h,v)=(0.0pt,0.0pt)
* modes: 
* h-part:(L,W,R)=(72.26999pt, 469.75502pt, 72.26999pt)
* v-part:(T,H,B)=(72.26999pt, 650.43001pt, 72.26999pt)
* \paperwidth=614.295pt
* \paperheight=794.96999pt
* \textwidth=469.75502pt
* \textheight=650.43001pt
* \oddsidemargin=0.0pt
* \evensidemargin=0.0pt
* \topmargin=-37.0pt
* \headheight=12.0pt
* \headsep=25.0pt
* \topskip=10.0pt
* \footskip=30.0pt
* \marginparwidth=65.0pt
* \marginparsep=11.0pt
* \columnsep=10.0pt
* \skip\footins=9.0pt plus 4.0pt minus 2.0pt
* \hoffset=0.0pt
* \voffset=0.0pt
* \mag=1000
* \@twocolumnfalse
* \@twosidefalse
* \@mparswitchfalse
* \@reversemarginfalse
* (1in=72.27pt=25.4mm, 1cm=28.453pt)

ABD: EveryShipout initializing macros
LaTeX Font Info:    Trying to load font information for U+msa on input line 43.
 (c:/texlive/2019/texmf-dist/tex/latex/amsfonts/umsa.fd
File: umsa.fd 2013/01/14 v3.01 AMS symbols A
)
LaTeX Font Info:    Trying to load font information for U+msb on input line 43.
 (c:/texlive/2019/texmf-dist/tex/latex/amsfonts/umsb.fd
File: umsb.fd 2013/01/14 v3.01 AMS symbols B
)
LaTeX Font Info:    Trying to load font information for OMS+rsfs on input line 43.
 (c:/texlive/2019/texmf-dist/tex/latex/calrsfs/OMSrsfs.fd) (./Microeconomics A Notes.toc [1

{c:/texlive/2019/texmf-var/fonts/map/pdftex/updmap/pdftex.map}] [2])
\tf@toc=\write4
\openout4 = `"Microeconomics A Notes.toc"'.

 [3]
Overfull \hbox (20.60765pt too wide) in paragraph at lines 68--69
[]$[]$\OT1/cmr/m/n/10 : in a two di-men-sional space this is equiv-a-lent to $\OML/cmm/m/it/10 d\OT1/cmr/m/n/10 (\OML/cmm/m/it/10 x; y\OT1/cmr/m/n/10 ) == []$,
 []


Overfull \hbox (2.07018pt too wide) in paragraph at lines 72--74
[]$[]$\OT1/cmr/m/n/10 : the dis-tance be-tween $\OML/cmm/m/it/10 x \OT1/cmr/m/n/10 = (2\OML/cmm/m/it/10 ; \OT1/cmr/m/n/10 2)$ and $\OML/cmm/m/it/10 y \OT1/cmr/m/n/10 = (1\OML/cmm/m/it/10 ; \OT1/cmr/m/n/10 4)$ is $\OML/cmm/m/it/10 d\OT1/cmr/m/n/10 (\OML/cmm/m/it/10 x; y\OT1/cmr/m/n/10 ) = [] =
 []

<./Pictures/pic1.png, id=23, 301.125pt x 231.11343pt>
File: ./Pictures/pic1.png Graphic file (type png)
<use ./Pictures/pic1.png>
Package pdftex.def Info: ./Pictures/pic1.png  used on input line 74.
(pdftex.def)             Requested size: 142.26852pt x 85.359pt.
[4]
<./Pictures/pic2.png, id=36, 329.73187pt x 82.80937pt>
File: ./Pictures/pic2.png Graphic file (type png)
<use ./Pictures/pic2.png>
Package pdftex.def Info: ./Pictures/pic2.png  used on input line 87.
(pdftex.def)             Requested size: 142.26494pt x 85.36282pt.

Overfull \hbox (5.02579pt too wide) in paragraph at lines 90--92
[]$[]$\OT1/cmr/m/n/10 : for $\OML/cmm/m/it/10 x \OT1/cmr/m/n/10 = (2\OML/cmm/m/it/10 ; \OT1/cmr/m/n/10 2)$ and $\OML/cmm/m/it/10 " \OT1/cmr/m/n/10 = 1$, the open ball $\OML/cmm/m/it/10 B[]\OT1/cmr/m/n/10 ((2\OML/cmm/m/it/10 ; \OT1/cmr/m/n/10 2)) = []$ 
 []

<./Pictures/pic3.png, id=37, 150.5625pt x 139.27031pt>
File: ./Pictures/pic3.png Graphic file (type png)
<use ./Pictures/pic3.png>
Package pdftex.def Info: ./Pictures/pic3.png  used on input line 92.
(pdftex.def)             Requested size: 142.27771pt x 85.36064pt.
[5 <./Pictures/pic1.png> <./Pictures/pic2.png> <./Pictures/pic3.png>] [6]
Overfull \hbox (24.73741pt too wide) in paragraph at lines 127--129
\OT1/cmr/m/n/10 For-mally, this is the en-tire pos-i-tive quad-rant ex-clud-ing the yel-low open ball, $\OML/cmm/m/it/10 A[] \OT1/cmr/m/n/10 = []$ 
 []

<./Pictures/pic4.png, id=50, 160.34906pt x 138.5175pt>
File: ./Pictures/pic4.png Graphic file (type png)
<use ./Pictures/pic4.png>
Package pdftex.def Info: ./Pictures/pic4.png  used on input line 129.
(pdftex.def)             Requested size: 142.26735pt x 85.3579pt.
<./Pictures/pic5.png, id=51, 478.03593pt x 208.52907pt>
File: ./Pictures/pic5.png Graphic file (type png)
<use ./Pictures/pic5.png>
Package pdftex.def Info: ./Pictures/pic5.png  used on input line 147.
(pdftex.def)             Requested size: 142.25938pt x 85.35745pt.
[7 <./Pictures/pic4.png> <./Pictures/pic5.png>]
<./Pictures/pic8.png, id=59, 499.11469pt x 133.24782pt>
File: ./Pictures/pic8.png Graphic file (type png)
<use ./Pictures/pic8.png>
Package pdftex.def Info: ./Pictures/pic8.png  used on input line 162.
(pdftex.def)             Requested size: 142.26439pt x 85.35963pt.
<./Pictures/pic14.png, id=60, 207.02344pt x 183.68625pt>
File: ./Pictures/pic14.png Graphic file (type png)
<use ./Pictures/pic14.png>
Package pdftex.def Info: ./Pictures/pic14.png  used on input line 172.
(pdftex.def)             Requested size: 113.81268pt x 85.35995pt.
<./Pictures/pic15.png, id=61, 435.12563pt x 527.72156pt>
File: ./Pictures/pic15.png Graphic file (type png)
<use ./Pictures/pic15.png>
Package pdftex.def Info: ./Pictures/pic15.png  used on input line 177.
(pdftex.def)             Requested size: 113.80722pt x 199.16737pt.
 [8 <./Pictures/pic8.png> <./Pictures/pic14.png>] [9 <./Pictures/pic15.png>]
<./Pictures/pic6.png, id=71, 278.54062pt x 159.59625pt>
File: ./Pictures/pic6.png Graphic file (type png)
<use ./Pictures/pic6.png>
Package pdftex.def Info: ./Pictures/pic6.png  used on input line 196.
(pdftex.def)             Requested size: 142.26634pt x 85.35756pt.
<./Pictures/pic7.png, id=72, 316.93407pt x 124.21407pt>
File: ./Pictures/pic7.png Graphic file (type png)
<use ./Pictures/pic7.png>
Package pdftex.def Info: ./Pictures/pic7.png  used on input line 201.
(pdftex.def)             Requested size: 142.26598pt x 85.35904pt.
 [10 <./Pictures/pic6.png> <./Pictures/pic7.png>] [11]
Overfull \hbox (29.68231pt too wide) in paragraph at lines 231--232
\OT1/cmr/m/n/10 uni-verse. For in-stance, if we $\OML/cmm/m/it/10 A \OT1/cmr/m/n/10 = []$ then $\OML/cmm/m/it/10 A \OMS/cmsy/m/n/10 ^^B \OML/cmm/m/it/10 A \OT1/cmr/m/n/10 = []$ 
 []

<./Pictures/pic12.png, id=81, 374.14781pt x 426.09187pt>
File: ./Pictures/pic12.png Graphic file (type png)
<use ./Pictures/pic12.png>
Package pdftex.def Info: ./Pictures/pic12.png  used on input line 241.
(pdftex.def)             Requested size: 113.80948pt x 85.3534pt.
[12 <./Pictures/pic12.png>] [13]
<./Pictures/pic11.png, id=90, 456.95718pt x 406.51875pt>
File: ./Pictures/pic11.png Graphic file (type png)
<use ./Pictures/pic11.png>
Package pdftex.def Info: ./Pictures/pic11.png  used on input line 273.
(pdftex.def)             Requested size: 113.8067pt x 85.35284pt.
 [14 <./Pictures/pic11.png>]
<./Pictures/pic16.png, id=95, 397.485pt x 307.90031pt>
File: ./Pictures/pic16.png Graphic file (type png)
<use ./Pictures/pic16.png>
Package pdftex.def Info: ./Pictures/pic16.png  used on input line 299.
(pdftex.def)             Requested size: 113.81206pt x 85.35643pt.
<./Pictures/pic17.png, id=96, 334.24875pt x 241.65282pt>
File: ./Pictures/pic17.png Graphic file (type png)
<use ./Pictures/pic17.png>
Package pdftex.def Info: ./Pictures/pic17.png  used on input line 304.
(pdftex.def)             Requested size: 227.62785pt x 170.72292pt.
 [15 <./Pictures/pic16.png> <./Pictures/pic17.png>] [16]
<./Pictures/pic9.png, id=105, 282.30469pt x 201.00093pt>
File: ./Pictures/pic9.png Graphic file (type png)
<use ./Pictures/pic9.png>
Package pdftex.def Info: ./Pictures/pic9.png  used on input line 361.
(pdftex.def)             Requested size: 170.71947pt x 128.03593pt.
 [17]
<./Pictures/pic10.png, id=109, 304.13625pt x 202.50656pt>
File: ./Pictures/pic10.png Graphic file (type png)
<use ./Pictures/pic10.png>
Package pdftex.def Info: ./Pictures/pic10.png  used on input line 375.
(pdftex.def)             Requested size: 113.80948pt x 85.35806pt.
 [18 <./Pictures/pic9.png>] [19 <./Pictures/pic10.png>]
<./Pictures/pic20.png, id=119, 359.84438pt x 289.83281pt>
File: ./Pictures/pic20.png Graphic file (type png)
<use ./Pictures/pic20.png>
Package pdftex.def Info: ./Pictures/pic20.png  used on input line 403.
(pdftex.def)             Requested size: 113.81279pt x 85.35841pt.
<./Pictures/pic21.png, id=120, 242.40562pt x 220.57407pt>
File: ./Pictures/pic21.png Graphic file (type png)
<use ./Pictures/pic21.png>
Package pdftex.def Info: ./Pictures/pic21.png  used on input line 417.
(pdftex.def)             Requested size: 113.81229pt x 85.35712pt.
 [20 <./Pictures/pic20.png> <./Pictures/pic21.png>]
Overfull \hbox (72.30142pt too wide) in paragraph at lines 429--431
[]$[]$\OT1/cmr/m/n/10 ? 
 []

[21] [22] [23] [24]
<./Pictures/pic13.png, id=140, 363.60844pt x 425.33907pt>
File: ./Pictures/pic13.png Graphic file (type png)
<use ./Pictures/pic13.png>
Package pdftex.def Info: ./Pictures/pic13.png  used on input line 544.
(pdftex.def)             Requested size: 113.81044pt x 85.35835pt.
 [25 <./Pictures/pic13.png>]
<./Pictures/pic30.png, id=146, 246.9225pt x 193.47281pt>
File: ./Pictures/pic30.png Graphic file (type png)
<use ./Pictures/pic30.png>
Package pdftex.def Info: ./Pictures/pic30.png  used on input line 572.
(pdftex.def)             Requested size: 227.6198pt x 170.71713pt.
<./Pictures/pic19.png, id=147, 510.40688pt x 322.20375pt>
File: ./Pictures/pic19.png Graphic file (type png)
<use ./Pictures/pic19.png>
Package pdftex.def Info: ./Pictures/pic19.png  used on input line 579.
(pdftex.def)             Requested size: 227.6249pt x 170.72292pt.
 [26 <./Pictures/pic30.png>]
<./Pictures/pic18.png, id=152, 450.18187pt x 380.92313pt>
File: ./Pictures/pic18.png Graphic file (type png)
<use ./Pictures/pic18.png>
Package pdftex.def Info: ./Pictures/pic18.png  used on input line 583.
(pdftex.def)             Requested size: 227.62512pt x 170.71632pt.
 [27 <./Pictures/pic19.png> <./Pictures/pic18.png>] [28] [29] [30] [31]
Overfull \hbox (62.94182pt too wide) in paragraph at lines 754--755
[]$[]$\OT1/cmr/m/n/10 : We must show that $\OML/cmm/m/it/10 M\OT1/cmr/m/n/10 (\OML/cmm/m/it/10 x\OT1/cmr/m/n/10 )$ is con-vex. Note that we can rewrite $\OML/cmm/m/it/10 M\OT1/cmr/m/n/10 (\OML/cmm/m/it/10 X\OT1/cmr/m/n/10 ) = []$
 []

[32] [33] [34] [35]
<./Pictures/pic23.png, id=185, 413.29407pt x 378.66469pt>
File: ./Pictures/pic23.png Graphic file (type png)
<use ./Pictures/pic23.png>
Package pdftex.def Info: ./Pictures/pic23.png  used on input line 885.
(pdftex.def)             Requested size: 142.26497pt x 142.2647pt.
 [36 <./Pictures/pic23.png>]
Underfull \hbox (badness 10000) in paragraph at lines 924--926

 []

<./Pictures/pic25.png, id=190, 316.93407pt x 146.04562pt>
File: ./Pictures/pic25.png Graphic file (type png)
<use ./Pictures/pic25.png>
Package pdftex.def Info: ./Pictures/pic25.png  used on input line 927.
(pdftex.def)             Requested size: 227.62653pt x 170.73227pt.
[37] [38 <./Pictures/pic25.png>] [39]
Underfull \hbox (badness 10000) in paragraph at lines 1009--1011

 []

[40]
<./Pictures/pic24.png, id=205, 448.67625pt x 227.34938pt>
File: ./Pictures/pic24.png Graphic file (type png)
<use ./Pictures/pic24.png>
Package pdftex.def Info: ./Pictures/pic24.png  used on input line 1012.
(pdftex.def)             Requested size: 227.61691pt x 170.71974pt.
 [41 <./Pictures/pic24.png>] [42]
<./Pictures/pic22.png, id=213, 252.19218pt x 170.88844pt>
File: ./Pictures/pic22.png Graphic file (type png)
<use ./Pictures/pic22.png>
Package pdftex.def Info: ./Pictures/pic22.png  used on input line 1092.
(pdftex.def)             Requested size: 170.71878pt x 113.81409pt.
 [43 <./Pictures/pic22.png>] [44] [45] [46] [47] [48] [49] [50] [51] [52] [53]
Underfull \hbox (badness 10000) in paragraph at lines 1438--1440

 []

<./Pictures/pic26.png, id=251, 409.53pt x 188.95593pt>
File: ./Pictures/pic26.png Graphic file (type png)
<use ./Pictures/pic26.png>
Package pdftex.def Info: ./Pictures/pic26.png  used on input line 1441.
(pdftex.def)             Requested size: 170.7204pt x 113.80978pt.
[54 <./Pictures/pic26.png>] [55] [56] [57] [58]
Underfull \hbox (badness 10000) in paragraph at lines 1592--1594

 []

<./Pictures/pic27.png, id=269, 621.82312pt x 240.9pt>
File: ./Pictures/pic27.png Graphic file (type png)
<use ./Pictures/pic27.png>
Package pdftex.def Info: ./Pictures/pic27.png  used on input line 1595.
(pdftex.def)             Requested size: 227.62299pt x 170.72038pt.
[59 <./Pictures/pic27.png>] [60] [61] [62] [63] [64] [65] [66] [67] [68]
Overfull \hbox (18.0927pt too wide) in paragraph at lines 1887--1888
[]$[]$\OT1/cmr/m/n/10 : per-fect com-ple-ments where $\OML/cmm/m/it/10 f\OT1/cmr/m/n/10 (\OML/cmm/m/it/10 x[]; x[]\OT1/cmr/m/n/10 ) = [] []$, per-fect sub-sti-tutes where $\OML/cmm/m/it/10 f\OT1/cmr/m/n/10 (\OML/cmm/m/it/10 x[]; x[]\OT1/cmr/m/n/10 ) =
 []

[69]
Underfull \hbox (badness 10000) in paragraph at lines 1907--1908

 []

<./Pictures/pic28.png, id=306, 481.04718pt x 315.42844pt>
File: ./Pictures/pic28.png Graphic file (type png)
<use ./Pictures/pic28.png>
Package pdftex.def Info: ./Pictures/pic28.png  used on input line 1909.
(pdftex.def)             Requested size: 227.6263pt x 170.71867pt.
[70 <./Pictures/pic28.png>] [71] [72]
Underfull \hbox (badness 10000) in paragraph at lines 2003--2004

 []

<./Pictures/pic29.png, id=317, 463.7325pt x 207.02344pt>
File: ./Pictures/pic29.png Graphic file (type png)
<use ./Pictures/pic29.png>
Package pdftex.def Info: ./Pictures/pic29.png  used on input line 2005.
(pdftex.def)             Requested size: 227.62715pt x 170.72061pt.
[73 <./Pictures/pic29.png>] [74] [75] [76]
Overfull \hbox (1.357pt too wide) in paragraph at lines 2102--2103
[]$[]$\OT1/cmr/m/n/10 : the profit max-i-miza-tion prob-lem can be re-stated as 
 []

[77] [78]
Overfull \hbox (33.6567pt too wide) in paragraph at lines 2168--2169
\OT1/cmr/m/n/10 (0\OML/cmm/m/it/10 :\OT1/cmr/m/n/10 25)[10([])[]([])[]][] = []$. If we dou-ble all prices then we have $\OML/cmm/m/it/10 ^^Y\OT1/cmr/m/n/10 (20\OML/cmm/m/it/10 ; \OT1/cmr/m/n/10 (2\OML/cmm/m/it/10 ; \OT1/cmr/m/n/10 4)) = (0\OML/cmm/m/it/10 :\OT1/cmr/m/n/10 25)[(2)10([])[]([])[]][] =
 []

[79] [80] [81] [82] [83] [84] [85] [86] [87] [88] [89] [90] [91] [92] [93] [94] [95] (./Microeconomics A Notes.aux) ) 
Here is how much of TeX's memory you used:
 15537 strings out of 480994
 293412 string characters out of 5916033
 530845 words of memory out of 5000000
 30728 multiletter control sequences out of 15000+600000
 543973 words of font info for 70 fonts, out of 8000000 for 9000
 1141 hyphenation exceptions out of 8191
 60i,16n,60p,1213b,425s stack positions out of 5000i,500n,10000p,200000b,80000s
{c:/texlive/2019/texmf-dist/fonts/enc/dvips/cm-super/cm-super-ts1.enc}<c:/texlive/2019/texmf-dist/fonts/type1/public/amsfonts/cm/cmbx10.pfb><c:/texlive/2019/texmf-dist/fonts/type1/public/amsfonts/cm/cmbx12.pfb><c:/texlive/2019/texmf-dist/fonts/type1/public/amsfonts/cm/cmbx7.pfb><c:/texlive/2019/texmf-dist/fonts/type1/public/amsfonts/cm/cmex10.pfb><c:/texlive/2019/texmf-dist/fonts/type1/public/amsfonts/cm/cmmi10.pfb><c:/texlive/2019/texmf-dist/fonts/type1/public/amsfonts/cm/cmmi5.pfb><c:/texlive/2019/texmf-dist/fonts/type1/public/amsfonts/cm/cmmi7.pfb><c:/texlive/2019/texmf-dist/fonts/type1/public/amsfonts/cm/cmr10.pfb><c:/texlive/2019/texmf-dist/fonts/type1/public/amsfonts/cm/cmr12.pfb><c:/texlive/2019/texmf-dist/fonts/type1/public/amsfonts/cm/cmr17.pfb><c:/texlive/2019/texmf-dist/fonts/type1/public/amsfonts/cm/cmr5.pfb><c:/texlive/2019/texmf-dist/fonts/type1/public/amsf
onts/cm/cmr7.pfb><c:/texlive/2019/texmf-dist/fonts/type1/public/amsfonts/cm/cmr8.pfb><c:/texlive/2019/texmf-dist/fonts/type1/public/amsfonts/cm/cmsy10.pfb><c:/texlive/2019/texmf-dist/fonts/type1/public/amsfonts/cm/cmsy5.pfb><c:/texlive/2019/texmf-dist/fonts/type1/public/amsfonts/cm/cmsy7.pfb><c:/texlive/2019/texmf-dist/fonts/type1/public/amsfonts/cm/cmti10.pfb><c:/texlive/2019/texmf-dist/fonts/type1/public/amsfonts/symbols/msam10.pfb><c:/texlive/2019/texmf-dist/fonts/type1/public/amsfonts/symbols/msbm10.pfb><c:/texlive/2019/texmf-dist/fonts/type1/public/amsfonts/symbols/msbm7.pfb><c:/texlive/2019/texmf-dist/fonts/type1/public/rsfs/rsfs10.pfb><c:/texlive/2019/texmf-dist/fonts/type1/public/rsfs/rsfs7.pfb><c:/texlive/2019/texmf-dist/fonts/type1/public/cm-super/sfrm0600.pfb><c:/texlive/2019/texmf-dist/fonts/type1/public/cm-super/sfrm0800.pfb><c:/texlive/2019/texmf-dist/fonts/type1/public/cm-super/sfrm1000.pfb>
Output written on "Microeconomics A Notes.pdf" (95 pages, 2331523 bytes).
PDF statistics:
 476 PDF objects out of 1000 (max. 8388607)
 291 compressed objects within 3 object streams
 0 named destinations out of 1000 (max. 500000)
 163 words of extra memory for PDF output out of 10000 (max. 10000000)

